<?xml version="1.0" encoding="UTF-8"?>
<!-- Generated by org.testng.reporters.JUnitXMLReporter -->
<testsuite hostname="QA-RGRH-DESK2" ignored="3" name="Test" tests="2" failures="0" timestamp="14 Aug 2019 07:06:13 GMT" time="12.07" errors="0">
  <testcase name="verifyPageTitle" time="0.09" classname="com.learn.testcase.VerifyLandingPageTest"/>
  <testcase name="verifyInvalidlogin" time="2.808" classname="com.learn.testcase.VerifyLoginTest"/>
  <testcase name="@AfterSuite teardown" time="0.0" classname="pages.BaseClass">
    <ignored/>
  </testcase> <!-- @AfterSuite teardown -->
  <testcase name="@BeforeTest setup" time="0.0" classname="pages.BaseClass">
    <ignored/>
  </testcase> <!-- @BeforeTest setup -->
  <testcase name="@BeforeSuite setupsuite" time="0.0" classname="pages.BaseClass">
    <ignored/>
  </testcase> <!-- @BeforeSuite setupsuite -->
</testsuite> <!-- Test -->
