<?xml version="1.0" encoding="UTF-8"?>
<!-- Generated by org.testng.reporters.JUnitXMLReporter -->
<testsuite hostname="QA-RGRH-DESK2" ignored="3" name="LandingPage" tests="3" failures="0" timestamp="06 Aug 2019 07:20:18 GMT" time="18.407" errors="0">
  <testcase name="verifyPageTitle" time="0.067" classname="com.learn.testcase.VerifyLandingPageTest"/>
  <testcase name="verifyValidLogin" time="6.831" classname="com.learn.testcase.VerifyLoginTest"/>
  <testcase name="verifyInvalidlogin" time="3.414" classname="com.learn.testcase.VerifyLoginTest"/>
  <testcase name="@AfterSuite teardown" time="0.0" classname="pages.BaseClass">
    <ignored/>
  </testcase> <!-- @AfterSuite teardown -->
  <testcase name="@BeforeTest setup" time="0.0" classname="pages.BaseClass">
    <ignored/>
  </testcase> <!-- @BeforeTest setup -->
  <testcase name="@BeforeSuite setupsuite" time="0.0" classname="pages.BaseClass">
    <ignored/>
  </testcase> <!-- @BeforeSuite setupsuite -->
</testsuite> <!-- LandingPage -->
